This is pdfTeX, Version 3.14159265-2.6-1.40.18 (TeX Live 2017/Debian) (preloaded format=pdflatex 2018.10.13)  29 OCT 2018 16:21
entering extended mode
 restricted \write18 enabled.
 %&-line parsing enabled.
**ft-09-BasicDiff-beamer.tex
(./ft-09-BasicDiff-beamer.tex
LaTeX2e <2017-04-15>
Babel <3.18> and hyphenation patterns for 84 language(s) loaded.
(/usr/share/texlive/texmf-dist/tex/latex/base/article.cls
Document Class: article 2014/09/29 v1.4h Standard LaTeX document class
(/usr/share/texlive/texmf-dist/tex/latex/base/size10.clo
File: size10.clo 2014/09/29 v1.4h Standard LaTeX file (size option)
)
\c@part=\count79
\c@section=\count80
\c@subsection=\count81
\c@subsubsection=\count82
\c@paragraph=\count83
\c@subparagraph=\count84
\c@figure=\count85
\c@table=\count86
\abovecaptionskip=\skip41
\belowcaptionskip=\skip42
\bibindent=\dimen102
)
(/usr/share/texlive/texmf-dist/tex/latex/pdfpages/pdfpages.sty
Package: pdfpages 2017/10/31 v0.5l Insert pages of external PDF documents (AM)

(/usr/share/texlive/texmf-dist/tex/latex/base/ifthen.sty
Package: ifthen 2014/09/29 v1.1c Standard LaTeX ifthen package (DPC)
)
(/usr/share/texlive/texmf-dist/tex/latex/tools/calc.sty
Package: calc 2014/10/28 v4.3 Infix arithmetic (KKT,FJ)
\calc@Acount=\count87
\calc@Bcount=\count88
\calc@Adimen=\dimen103
\calc@Bdimen=\dimen104
\calc@Askip=\skip43
\calc@Bskip=\skip44
LaTeX Info: Redefining \setlength on input line 80.
LaTeX Info: Redefining \addtolength on input line 81.
\calc@Ccount=\count89
\calc@Cskip=\skip45
)
(/usr/share/texlive/texmf-dist/tex/latex/eso-pic/eso-pic.sty
Package: eso-pic 2015/07/21 v2.0g eso-pic (RN)

(/usr/share/texlive/texmf-dist/tex/generic/oberdiek/atbegshi.sty
Package: atbegshi 2016/06/09 v1.18 At begin shipout hook (HO)

(/usr/share/texlive/texmf-dist/tex/generic/oberdiek/infwarerr.sty
Package: infwarerr 2016/05/16 v1.4 Providing info/warning/error messages (HO)
)
(/usr/share/texlive/texmf-dist/tex/generic/oberdiek/ltxcmds.sty
Package: ltxcmds 2016/05/16 v1.23 LaTeX kernel commands for general use (HO)
)
(/usr/share/texlive/texmf-dist/tex/generic/oberdiek/ifpdf.sty
Package: ifpdf 2017/03/15 v3.2 Provides the ifpdf switch
))
(/usr/share/texlive/texmf-dist/tex/latex/graphics/keyval.sty
Package: keyval 2014/10/28 v1.15 key=value parser (DPC)
\KV@toks@=\toks14
)
(/usr/share/texlive/texmf-dist/tex/latex/xcolor/xcolor.sty
Package: xcolor 2016/05/11 v2.12 LaTeX color extensions (UK)

(/usr/share/texlive/texmf-dist/tex/latex/graphics-cfg/color.cfg
File: color.cfg 2016/01/02 v1.6 sample color configuration
)
Package xcolor Info: Driver file: pdftex.def on input line 225.

(/usr/share/texlive/texmf-dist/tex/latex/graphics-def/pdftex.def
File: pdftex.def 2018/01/08 v1.0l Graphics/color driver for pdftex
)
Package xcolor Info: Model `cmy' substituted by `cmy0' on input line 1348.
Package xcolor Info: Model `hsb' substituted by `rgb' on input line 1352.
Package xcolor Info: Model `RGB' extended on input line 1364.
Package xcolor Info: Model `HTML' substituted by `rgb' on input line 1366.
Package xcolor Info: Model `Hsb' substituted by `hsb' on input line 1367.
Package xcolor Info: Model `tHsb' substituted by `hsb' on input line 1368.
Package xcolor Info: Model `HSB' substituted by `hsb' on input line 1369.
Package xcolor Info: Model `Gray' substituted by `gray' on input line 1370.
Package xcolor Info: Model `wave' substituted by `hsb' on input line 1371.
))
(/usr/share/texlive/texmf-dist/tex/latex/graphics/graphicx.sty
Package: graphicx 2017/06/01 v1.1a Enhanced LaTeX Graphics (DPC,SPQR)

(/usr/share/texlive/texmf-dist/tex/latex/graphics/graphics.sty
Package: graphics 2017/06/25 v1.2c Standard LaTeX Graphics (DPC,SPQR)

(/usr/share/texlive/texmf-dist/tex/latex/graphics/trig.sty
Package: trig 2016/01/03 v1.10 sin cos tan (DPC)
)
(/usr/share/texlive/texmf-dist/tex/latex/graphics-cfg/graphics.cfg
File: graphics.cfg 2016/06/04 v1.11 sample graphics configuration
)
Package graphics Info: Driver file: pdftex.def on input line 99.
)
\Gin@req@height=\dimen105
\Gin@req@width=\dimen106
)
\AM@pagewidth=\dimen107
\AM@pageheight=\dimen108

(/usr/share/texlive/texmf-dist/tex/latex/pdfpages/pppdftex.def
File: pppdftex.def 2017/10/31 v0.5l Pdfpages driver for pdfTeX (AM)
)
\AM@pagebox=\box26
\AM@global@opts=\toks15
\AM@toc@title=\toks16
\c@AM@survey=\count90
\AM@templatesizebox=\box27
)
(./ft-09-BasicDiff-beamer.aux)
\openout1 = `ft-09-BasicDiff-beamer.aux'.

LaTeX Font Info:    Checking defaults for OML/cmm/m/it on input line 5.
LaTeX Font Info:    ... okay on input line 5.
LaTeX Font Info:    Checking defaults for T1/cmr/m/n on input line 5.
LaTeX Font Info:    ... okay on input line 5.
LaTeX Font Info:    Checking defaults for OT1/cmr/m/n on input line 5.
LaTeX Font Info:    ... okay on input line 5.
LaTeX Font Info:    Checking defaults for OMS/cmsy/m/n on input line 5.
LaTeX Font Info:    ... okay on input line 5.
LaTeX Font Info:    Checking defaults for OMX/cmex/m/n on input line 5.
LaTeX Font Info:    ... okay on input line 5.
LaTeX Font Info:    Checking defaults for U/cmr/m/n on input line 5.
LaTeX Font Info:    ... okay on input line 5.
\AtBeginShipoutBox=\box28

(/usr/share/texlive/texmf-dist/tex/context/base/mkii/supp-pdf.mkii
[Loading MPS to PDF converter (version 2006.09.02).]
\scratchcounter=\count91
\scratchdimen=\dimen109
\scratchbox=\box29
\nofMPsegments=\count92
\nofMParguments=\count93
\everyMPshowfont=\toks17
\MPscratchCnt=\count94
\MPscratchDim=\dimen110
\MPnumerator=\count95
\makeMPintoPDFobject=\count96
\everyMPtoPDFconversion=\toks18
) (/usr/share/texlive/texmf-dist/tex/latex/oberdiek/epstopdf-base.sty
Package: epstopdf-base 2016/05/15 v2.6 Base part for package epstopdf

(/usr/share/texlive/texmf-dist/tex/latex/oberdiek/grfext.sty
Package: grfext 2016/05/16 v1.2 Manage graphics extensions (HO)

(/usr/share/texlive/texmf-dist/tex/generic/oberdiek/kvdefinekeys.sty
Package: kvdefinekeys 2016/05/16 v1.4 Define keys (HO)
))
(/usr/share/texlive/texmf-dist/tex/latex/oberdiek/kvoptions.sty
Package: kvoptions 2016/05/16 v3.12 Key value format for package options (HO)

(/usr/share/texlive/texmf-dist/tex/generic/oberdiek/kvsetkeys.sty
Package: kvsetkeys 2016/05/16 v1.17 Key value parser (HO)

(/usr/share/texlive/texmf-dist/tex/generic/oberdiek/etexcmds.sty
Package: etexcmds 2016/05/16 v1.6 Avoid name clashes with e-TeX commands (HO)

(/usr/share/texlive/texmf-dist/tex/generic/oberdiek/ifluatex.sty
Package: ifluatex 2016/05/16 v1.4 Provides the ifluatex switch (HO)
Package ifluatex Info: LuaTeX not detected.
)
Package etexcmds Info: Could not find \expanded.
(etexcmds)             That can mean that you are not using pdfTeX 1.50 or
(etexcmds)             that some package has redefined \expanded.
(etexcmds)             In the latter case, load this package earlier.
)))
(/usr/share/texlive/texmf-dist/tex/generic/oberdiek/pdftexcmds.sty
Package: pdftexcmds 2018/01/21 v0.26 Utility functions of pdfTeX for LuaTeX (HO
)
Package pdftexcmds Info: LuaTeX not detected.
Package pdftexcmds Info: \pdf@primitive is available.
Package pdftexcmds Info: \pdf@ifprimitive is available.
Package pdftexcmds Info: \pdfdraftmode found.
)
Package epstopdf-base Info: Redefining graphics rule for `.eps' on input line 4
38.
Package grfext Info: Graphics extension search list:
(grfext)             [.pdf,.png,.jpg,.mps,.jpeg,.jbig2,.jb2,.PDF,.PNG,.JPG,.JPE
G,.JBIG2,.JB2,.eps]
(grfext)             \AppendGraphicsExtensions on input line 456.

(/usr/share/texlive/texmf-dist/tex/latex/latexconfig/epstopdf-sys.cfg
File: epstopdf-sys.cfg 2010/07/13 v1.3 Configuration of (r)epstopdf for TeX Liv
e
))
(/usr/share/texlive/texmf-dist/tex/latex/oberdiek/pdflscape.sty
Package: pdflscape 2016/05/14 v0.11 Display of landscape pages in PDF (HO)

(/usr/share/texlive/texmf-dist/tex/latex/graphics/lscape.sty
Package: lscape 2000/10/22 v3.01 Landscape Pages (DPC)
)
Package pdflscape Info: Auto-detected driver: pdftex on input line 81.

(/usr/share/texlive/texmf-dist/tex/generic/ifxetex/ifxetex.sty
Package: ifxetex 2010/09/12 v0.6 Provides ifxetex conditional
))
<ft-09-BasicDiff.pdf, id=1, 364.19562pt x 273.14648pt>
File: ft-09-BasicDiff.pdf Graphic file (type pdf)
<use ft-09-BasicDiff.pdf>
Package pdftex.def Info: ft-09-BasicDiff.pdf  used on input line 6.
(pdftex.def)             Requested size: 364.19473pt x 273.14581pt.
File: ft-09-BasicDiff.pdf Graphic file (type pdf)
<use ft-09-BasicDiff.pdf>
Package pdftex.def Info: ft-09-BasicDiff.pdf  used on input line 6.
(pdftex.def)             Requested size: 364.19473pt x 273.14581pt.
<ft-09-BasicDiff.pdf, id=4, page=1, 364.19562pt x 273.14648pt>
File: ft-09-BasicDiff.pdf Graphic file (type pdf)
<use ft-09-BasicDiff.pdf, page 1>
Package pdftex.def Info: ft-09-BasicDiff.pdf , page1 used on input line 6.
(pdftex.def)             Requested size: 400.61642pt x 300.46205pt.
File: ft-09-BasicDiff.pdf Graphic file (type pdf)
<use ft-09-BasicDiff.pdf, page 1>
Package pdftex.def Info: ft-09-BasicDiff.pdf , page1 used on input line 6.
(pdftex.def)             Requested size: 400.61642pt x 300.46205pt.
File: ft-09-BasicDiff.pdf Graphic file (type pdf)
<use ft-09-BasicDiff.pdf, page 1>
Package pdftex.def Info: ft-09-BasicDiff.pdf , page1 used on input line 6.
(pdftex.def)             Requested size: 400.61642pt x 300.46205pt.
<ft-09-BasicDiff.pdf, id=5, page=2, 364.19562pt x 273.14648pt>
File: ft-09-BasicDiff.pdf Graphic file (type pdf)
<use ft-09-BasicDiff.pdf, page 2>
Package pdftex.def Info: ft-09-BasicDiff.pdf , page2 used on input line 6.
(pdftex.def)             Requested size: 400.61642pt x 300.46205pt.
File: ft-09-BasicDiff.pdf Graphic file (type pdf)
<use ft-09-BasicDiff.pdf, page 2>
Package pdftex.def Info: ft-09-BasicDiff.pdf , page2 used on input line 6.
(pdftex.def)             Requested size: 400.61642pt x 300.46205pt.
<ft-09-BasicDiff.pdf, id=6, page=3, 364.19562pt x 273.14648pt>
File: ft-09-BasicDiff.pdf Graphic file (type pdf)
<use ft-09-BasicDiff.pdf, page 3>
Package pdftex.def Info: ft-09-BasicDiff.pdf , page3 used on input line 6.
(pdftex.def)             Requested size: 400.61642pt x 300.46205pt.
File: ft-09-BasicDiff.pdf Graphic file (type pdf)
<use ft-09-BasicDiff.pdf, page 3>
Package pdftex.def Info: ft-09-BasicDiff.pdf , page3 used on input line 6.
(pdftex.def)             Requested size: 400.61642pt x 300.46205pt.
<ft-09-BasicDiff.pdf, id=7, page=4, 364.19562pt x 273.14648pt>
File: ft-09-BasicDiff.pdf Graphic file (type pdf)
<use ft-09-BasicDiff.pdf, page 4>
Package pdftex.def Info: ft-09-BasicDiff.pdf , page4 used on input line 6.
(pdftex.def)             Requested size: 400.61642pt x 300.46205pt.
File: ft-09-BasicDiff.pdf Graphic file (type pdf)
<use ft-09-BasicDiff.pdf, page 4>
Package pdftex.def Info: ft-09-BasicDiff.pdf , page4 used on input line 6.
(pdftex.def)             Requested size: 400.61642pt x 300.46205pt.
File: ft-09-BasicDiff.pdf Graphic file (type pdf)
<use ft-09-BasicDiff.pdf, page 1>
Package pdftex.def Info: ft-09-BasicDiff.pdf , page1 used on input line 6.
(pdftex.def)             Requested size: 400.61642pt x 300.46205pt.
File: ft-09-BasicDiff.pdf Graphic file (type pdf)
<use ft-09-BasicDiff.pdf, page 2>
Package pdftex.def Info: ft-09-BasicDiff.pdf , page2 used on input line 6.
(pdftex.def)             Requested size: 400.61642pt x 300.46205pt.
File: ft-09-BasicDiff.pdf Graphic file (type pdf)
<use ft-09-BasicDiff.pdf, page 3>
Package pdftex.def Info: ft-09-BasicDiff.pdf , page3 used on input line 6.
(pdftex.def)             Requested size: 400.61642pt x 300.46205pt.
File: ft-09-BasicDiff.pdf Graphic file (type pdf)
<use ft-09-BasicDiff.pdf, page 4>
Package pdftex.def Info: ft-09-BasicDiff.pdf , page4 used on input line 6.
(pdftex.def)             Requested size: 400.61642pt x 300.46205pt.
 [1

 <./ft-09-BasicDiff.pdf{/var/lib/texmf/fonts/map/pdftex/updmap/pdftex.map}> <./
ft-09-BasicDiff.pdf> <./ft-09-BasicDiff.pdf> <./ft-09-BasicDiff.pdf>]
<ft-09-BasicDiff.pdf, id=61, page=5, 364.19562pt x 273.14648pt>
File: ft-09-BasicDiff.pdf Graphic file (type pdf)
<use ft-09-BasicDiff.pdf, page 5>
Package pdftex.def Info: ft-09-BasicDiff.pdf , page5 used on input line 6.
(pdftex.def)             Requested size: 400.61642pt x 300.46205pt.
File: ft-09-BasicDiff.pdf Graphic file (type pdf)
<use ft-09-BasicDiff.pdf, page 5>
Package pdftex.def Info: ft-09-BasicDiff.pdf , page5 used on input line 6.
(pdftex.def)             Requested size: 400.61642pt x 300.46205pt.
<ft-09-BasicDiff.pdf, id=62, page=6, 364.19562pt x 273.14648pt>
File: ft-09-BasicDiff.pdf Graphic file (type pdf)
<use ft-09-BasicDiff.pdf, page 6>
Package pdftex.def Info: ft-09-BasicDiff.pdf , page6 used on input line 6.
(pdftex.def)             Requested size: 400.61642pt x 300.46205pt.
File: ft-09-BasicDiff.pdf Graphic file (type pdf)
<use ft-09-BasicDiff.pdf, page 6>
Package pdftex.def Info: ft-09-BasicDiff.pdf , page6 used on input line 6.
(pdftex.def)             Requested size: 400.61642pt x 300.46205pt.
<ft-09-BasicDiff.pdf, id=63, page=7, 364.19562pt x 273.14648pt>
File: ft-09-BasicDiff.pdf Graphic file (type pdf)
<use ft-09-BasicDiff.pdf, page 7>
Package pdftex.def Info: ft-09-BasicDiff.pdf , page7 used on input line 6.
(pdftex.def)             Requested size: 400.61642pt x 300.46205pt.
File: ft-09-BasicDiff.pdf Graphic file (type pdf)
<use ft-09-BasicDiff.pdf, page 7>
Package pdftex.def Info: ft-09-BasicDiff.pdf , page7 used on input line 6.
(pdftex.def)             Requested size: 400.61642pt x 300.46205pt.
<ft-09-BasicDiff.pdf, id=64, page=8, 364.19562pt x 273.14648pt>
File: ft-09-BasicDiff.pdf Graphic file (type pdf)
<use ft-09-BasicDiff.pdf, page 8>
Package pdftex.def Info: ft-09-BasicDiff.pdf , page8 used on input line 6.
(pdftex.def)             Requested size: 400.61642pt x 300.46205pt.
File: ft-09-BasicDiff.pdf Graphic file (type pdf)
<use ft-09-BasicDiff.pdf, page 8>
Package pdftex.def Info: ft-09-BasicDiff.pdf , page8 used on input line 6.
(pdftex.def)             Requested size: 400.61642pt x 300.46205pt.
File: ft-09-BasicDiff.pdf Graphic file (type pdf)
<use ft-09-BasicDiff.pdf, page 5>
Package pdftex.def Info: ft-09-BasicDiff.pdf , page5 used on input line 6.
(pdftex.def)             Requested size: 400.61642pt x 300.46205pt.
File: ft-09-BasicDiff.pdf Graphic file (type pdf)
<use ft-09-BasicDiff.pdf, page 6>
Package pdftex.def Info: ft-09-BasicDiff.pdf , page6 used on input line 6.
(pdftex.def)             Requested size: 400.61642pt x 300.46205pt.
File: ft-09-BasicDiff.pdf Graphic file (type pdf)
<use ft-09-BasicDiff.pdf, page 7>
Package pdftex.def Info: ft-09-BasicDiff.pdf , page7 used on input line 6.
(pdftex.def)             Requested size: 400.61642pt x 300.46205pt.
File: ft-09-BasicDiff.pdf Graphic file (type pdf)
<use ft-09-BasicDiff.pdf, page 8>
Package pdftex.def Info: ft-09-BasicDiff.pdf , page8 used on input line 6.
(pdftex.def)             Requested size: 400.61642pt x 300.46205pt.
 [2 <./ft-09-BasicDiff.pdf> <./ft-09-BasicDiff.pdf> <./ft-09-BasicDiff.pdf

pdfTeX warning: pdflatex (file ./ft-09-BasicDiff.pdf): PDF inclusion: multiple 
pdfs with page group included in a single page
> <./ft-09-BasicDiff.pdf

pdfTeX warning: pdflatex (file ./ft-09-BasicDiff.pdf): PDF inclusion: multiple 
pdfs with page group included in a single page
>]
<ft-09-BasicDiff.pdf, id=76, page=9, 364.19562pt x 273.14648pt>
File: ft-09-BasicDiff.pdf Graphic file (type pdf)
<use ft-09-BasicDiff.pdf, page 9>
Package pdftex.def Info: ft-09-BasicDiff.pdf , page9 used on input line 6.
(pdftex.def)             Requested size: 400.61642pt x 300.46205pt.
File: ft-09-BasicDiff.pdf Graphic file (type pdf)
<use ft-09-BasicDiff.pdf, page 9>
Package pdftex.def Info: ft-09-BasicDiff.pdf , page9 used on input line 6.
(pdftex.def)             Requested size: 400.61642pt x 300.46205pt.
<ft-09-BasicDiff.pdf, id=77, page=10, 364.19562pt x 273.14648pt>
File: ft-09-BasicDiff.pdf Graphic file (type pdf)
<use ft-09-BasicDiff.pdf, page 10>
Package pdftex.def Info: ft-09-BasicDiff.pdf , page10 used on input line 6.
(pdftex.def)             Requested size: 400.61642pt x 300.46205pt.
File: ft-09-BasicDiff.pdf Graphic file (type pdf)
<use ft-09-BasicDiff.pdf, page 10>
Package pdftex.def Info: ft-09-BasicDiff.pdf , page10 used on input line 6.
(pdftex.def)             Requested size: 400.61642pt x 300.46205pt.
<ft-09-BasicDiff.pdf, id=78, page=11, 364.19562pt x 273.14648pt>
File: ft-09-BasicDiff.pdf Graphic file (type pdf)
<use ft-09-BasicDiff.pdf, page 11>
Package pdftex.def Info: ft-09-BasicDiff.pdf , page11 used on input line 6.
(pdftex.def)             Requested size: 400.61642pt x 300.46205pt.
File: ft-09-BasicDiff.pdf Graphic file (type pdf)
<use ft-09-BasicDiff.pdf, page 11>
Package pdftex.def Info: ft-09-BasicDiff.pdf , page11 used on input line 6.
(pdftex.def)             Requested size: 400.61642pt x 300.46205pt.
<ft-09-BasicDiff.pdf, id=79, page=12, 364.19562pt x 273.14648pt>
File: ft-09-BasicDiff.pdf Graphic file (type pdf)
<use ft-09-BasicDiff.pdf, page 12>
Package pdftex.def Info: ft-09-BasicDiff.pdf , page12 used on input line 6.
(pdftex.def)             Requested size: 400.61642pt x 300.46205pt.
File: ft-09-BasicDiff.pdf Graphic file (type pdf)
<use ft-09-BasicDiff.pdf, page 12>
Package pdftex.def Info: ft-09-BasicDiff.pdf , page12 used on input line 6.
(pdftex.def)             Requested size: 400.61642pt x 300.46205pt.
File: ft-09-BasicDiff.pdf Graphic file (type pdf)
<use ft-09-BasicDiff.pdf, page 9>
Package pdftex.def Info: ft-09-BasicDiff.pdf , page9 used on input line 6.
(pdftex.def)             Requested size: 400.61642pt x 300.46205pt.
File: ft-09-BasicDiff.pdf Graphic file (type pdf)
<use ft-09-BasicDiff.pdf, page 10>
Package pdftex.def Info: ft-09-BasicDiff.pdf , page10 used on input line 6.
(pdftex.def)             Requested size: 400.61642pt x 300.46205pt.
File: ft-09-BasicDiff.pdf Graphic file (type pdf)
<use ft-09-BasicDiff.pdf, page 11>
Package pdftex.def Info: ft-09-BasicDiff.pdf , page11 used on input line 6.
(pdftex.def)             Requested size: 400.61642pt x 300.46205pt.
File: ft-09-BasicDiff.pdf Graphic file (type pdf)
<use ft-09-BasicDiff.pdf, page 12>
Package pdftex.def Info: ft-09-BasicDiff.pdf , page12 used on input line 6.
(pdftex.def)             Requested size: 400.61642pt x 300.46205pt.
 [3 <./ft-09-BasicDiff.pdf> <./ft-09-BasicDiff.pdf> <./ft-09-BasicDiff.pdf> <./
ft-09-BasicDiff.pdf>]
<ft-09-BasicDiff.pdf, id=101, page=13, 364.19562pt x 273.14648pt>
File: ft-09-BasicDiff.pdf Graphic file (type pdf)
<use ft-09-BasicDiff.pdf, page 13>
Package pdftex.def Info: ft-09-BasicDiff.pdf , page13 used on input line 6.
(pdftex.def)             Requested size: 400.61642pt x 300.46205pt.
File: ft-09-BasicDiff.pdf Graphic file (type pdf)
<use ft-09-BasicDiff.pdf, page 13>
Package pdftex.def Info: ft-09-BasicDiff.pdf , page13 used on input line 6.
(pdftex.def)             Requested size: 400.61642pt x 300.46205pt.
<ft-09-BasicDiff.pdf, id=102, page=14, 364.19562pt x 273.14648pt>
File: ft-09-BasicDiff.pdf Graphic file (type pdf)
<use ft-09-BasicDiff.pdf, page 14>
Package pdftex.def Info: ft-09-BasicDiff.pdf , page14 used on input line 6.
(pdftex.def)             Requested size: 400.61642pt x 300.46205pt.
File: ft-09-BasicDiff.pdf Graphic file (type pdf)
<use ft-09-BasicDiff.pdf, page 14>
Package pdftex.def Info: ft-09-BasicDiff.pdf , page14 used on input line 6.
(pdftex.def)             Requested size: 400.61642pt x 300.46205pt.
<ft-09-BasicDiff.pdf, id=103, page=15, 364.19562pt x 273.14648pt>
File: ft-09-BasicDiff.pdf Graphic file (type pdf)
<use ft-09-BasicDiff.pdf, page 15>
Package pdftex.def Info: ft-09-BasicDiff.pdf , page15 used on input line 6.
(pdftex.def)             Requested size: 400.61642pt x 300.46205pt.
File: ft-09-BasicDiff.pdf Graphic file (type pdf)
<use ft-09-BasicDiff.pdf, page 15>
Package pdftex.def Info: ft-09-BasicDiff.pdf , page15 used on input line 6.
(pdftex.def)             Requested size: 400.61642pt x 300.46205pt.
<ft-09-BasicDiff.pdf, id=104, page=16, 364.19562pt x 273.14648pt>
File: ft-09-BasicDiff.pdf Graphic file (type pdf)
<use ft-09-BasicDiff.pdf, page 16>
Package pdftex.def Info: ft-09-BasicDiff.pdf , page16 used on input line 6.
(pdftex.def)             Requested size: 400.61642pt x 300.46205pt.
File: ft-09-BasicDiff.pdf Graphic file (type pdf)
<use ft-09-BasicDiff.pdf, page 16>
Package pdftex.def Info: ft-09-BasicDiff.pdf , page16 used on input line 6.
(pdftex.def)             Requested size: 400.61642pt x 300.46205pt.
File: ft-09-BasicDiff.pdf Graphic file (type pdf)
<use ft-09-BasicDiff.pdf, page 13>
Package pdftex.def Info: ft-09-BasicDiff.pdf , page13 used on input line 6.
(pdftex.def)             Requested size: 400.61642pt x 300.46205pt.
File: ft-09-BasicDiff.pdf Graphic file (type pdf)
<use ft-09-BasicDiff.pdf, page 14>
Package pdftex.def Info: ft-09-BasicDiff.pdf , page14 used on input line 6.
(pdftex.def)             Requested size: 400.61642pt x 300.46205pt.
File: ft-09-BasicDiff.pdf Graphic file (type pdf)
<use ft-09-BasicDiff.pdf, page 15>
Package pdftex.def Info: ft-09-BasicDiff.pdf , page15 used on input line 6.
(pdftex.def)             Requested size: 400.61642pt x 300.46205pt.
File: ft-09-BasicDiff.pdf Graphic file (type pdf)
<use ft-09-BasicDiff.pdf, page 16>
Package pdftex.def Info: ft-09-BasicDiff.pdf , page16 used on input line 6.
(pdftex.def)             Requested size: 400.61642pt x 300.46205pt.
 [4 <./ft-09-BasicDiff.pdf> <./ft-09-BasicDiff.pdf> <./ft-09-BasicDiff.pdf> <./
ft-09-BasicDiff.pdf>]
<ft-09-BasicDiff.pdf, id=119, page=17, 364.19562pt x 273.14648pt>
File: ft-09-BasicDiff.pdf Graphic file (type pdf)
<use ft-09-BasicDiff.pdf, page 17>
Package pdftex.def Info: ft-09-BasicDiff.pdf , page17 used on input line 6.
(pdftex.def)             Requested size: 400.61642pt x 300.46205pt.
File: ft-09-BasicDiff.pdf Graphic file (type pdf)
<use ft-09-BasicDiff.pdf, page 17>
Package pdftex.def Info: ft-09-BasicDiff.pdf , page17 used on input line 6.
(pdftex.def)             Requested size: 400.61642pt x 300.46205pt.
<ft-09-BasicDiff.pdf, id=120, page=18, 364.19562pt x 273.14648pt>
File: ft-09-BasicDiff.pdf Graphic file (type pdf)
<use ft-09-BasicDiff.pdf, page 18>
Package pdftex.def Info: ft-09-BasicDiff.pdf , page18 used on input line 6.
(pdftex.def)             Requested size: 400.61642pt x 300.46205pt.
File: ft-09-BasicDiff.pdf Graphic file (type pdf)
<use ft-09-BasicDiff.pdf, page 18>
Package pdftex.def Info: ft-09-BasicDiff.pdf , page18 used on input line 6.
(pdftex.def)             Requested size: 400.61642pt x 300.46205pt.
<ft-09-BasicDiff.pdf, id=121, page=19, 364.19562pt x 273.14648pt>
File: ft-09-BasicDiff.pdf Graphic file (type pdf)
<use ft-09-BasicDiff.pdf, page 19>
Package pdftex.def Info: ft-09-BasicDiff.pdf , page19 used on input line 6.
(pdftex.def)             Requested size: 400.61642pt x 300.46205pt.
File: ft-09-BasicDiff.pdf Graphic file (type pdf)
<use ft-09-BasicDiff.pdf, page 19>
Package pdftex.def Info: ft-09-BasicDiff.pdf , page19 used on input line 6.
(pdftex.def)             Requested size: 400.61642pt x 300.46205pt.
<ft-09-BasicDiff.pdf, id=122, page=20, 364.19562pt x 273.14648pt>
File: ft-09-BasicDiff.pdf Graphic file (type pdf)
<use ft-09-BasicDiff.pdf, page 20>
Package pdftex.def Info: ft-09-BasicDiff.pdf , page20 used on input line 6.
(pdftex.def)             Requested size: 400.61642pt x 300.46205pt.
File: ft-09-BasicDiff.pdf Graphic file (type pdf)
<use ft-09-BasicDiff.pdf, page 20>
Package pdftex.def Info: ft-09-BasicDiff.pdf , page20 used on input line 6.
(pdftex.def)             Requested size: 400.61642pt x 300.46205pt.
File: ft-09-BasicDiff.pdf Graphic file (type pdf)
<use ft-09-BasicDiff.pdf, page 17>
Package pdftex.def Info: ft-09-BasicDiff.pdf , page17 used on input line 6.
(pdftex.def)             Requested size: 400.61642pt x 300.46205pt.
File: ft-09-BasicDiff.pdf Graphic file (type pdf)
<use ft-09-BasicDiff.pdf, page 18>
Package pdftex.def Info: ft-09-BasicDiff.pdf , page18 used on input line 6.
(pdftex.def)             Requested size: 400.61642pt x 300.46205pt.
File: ft-09-BasicDiff.pdf Graphic file (type pdf)
<use ft-09-BasicDiff.pdf, page 19>
Package pdftex.def Info: ft-09-BasicDiff.pdf , page19 used on input line 6.
(pdftex.def)             Requested size: 400.61642pt x 300.46205pt.
File: ft-09-BasicDiff.pdf Graphic file (type pdf)
<use ft-09-BasicDiff.pdf, page 20>
Package pdftex.def Info: ft-09-BasicDiff.pdf , page20 used on input line 6.
(pdftex.def)             Requested size: 400.61642pt x 300.46205pt.
 [5 <./ft-09-BasicDiff.pdf> <./ft-09-BasicDiff.pdf> <./ft-09-BasicDiff.pdf> <./
ft-09-BasicDiff.pdf>]
<ft-09-BasicDiff.pdf, id=129, page=21, 364.19562pt x 273.14648pt>
File: ft-09-BasicDiff.pdf Graphic file (type pdf)
<use ft-09-BasicDiff.pdf, page 21>
Package pdftex.def Info: ft-09-BasicDiff.pdf , page21 used on input line 6.
(pdftex.def)             Requested size: 400.61642pt x 300.46205pt.
File: ft-09-BasicDiff.pdf Graphic file (type pdf)
<use ft-09-BasicDiff.pdf, page 21>
Package pdftex.def Info: ft-09-BasicDiff.pdf , page21 used on input line 6.
(pdftex.def)             Requested size: 400.61642pt x 300.46205pt.
<ft-09-BasicDiff.pdf, id=130, page=22, 364.19562pt x 273.14648pt>
File: ft-09-BasicDiff.pdf Graphic file (type pdf)
<use ft-09-BasicDiff.pdf, page 22>
Package pdftex.def Info: ft-09-BasicDiff.pdf , page22 used on input line 6.
(pdftex.def)             Requested size: 400.61642pt x 300.46205pt.
File: ft-09-BasicDiff.pdf Graphic file (type pdf)
<use ft-09-BasicDiff.pdf, page 22>
Package pdftex.def Info: ft-09-BasicDiff.pdf , page22 used on input line 6.
(pdftex.def)             Requested size: 400.61642pt x 300.46205pt.
<ft-09-BasicDiff.pdf, id=131, page=23, 364.19562pt x 273.14648pt>
File: ft-09-BasicDiff.pdf Graphic file (type pdf)
<use ft-09-BasicDiff.pdf, page 23>
Package pdftex.def Info: ft-09-BasicDiff.pdf , page23 used on input line 6.
(pdftex.def)             Requested size: 400.61642pt x 300.46205pt.
File: ft-09-BasicDiff.pdf Graphic file (type pdf)
<use ft-09-BasicDiff.pdf, page 23>
Package pdftex.def Info: ft-09-BasicDiff.pdf , page23 used on input line 6.
(pdftex.def)             Requested size: 400.61642pt x 300.46205pt.
<ft-09-BasicDiff.pdf, id=132, page=24, 364.19562pt x 273.14648pt>
File: ft-09-BasicDiff.pdf Graphic file (type pdf)
<use ft-09-BasicDiff.pdf, page 24>
Package pdftex.def Info: ft-09-BasicDiff.pdf , page24 used on input line 6.
(pdftex.def)             Requested size: 400.61642pt x 300.46205pt.
File: ft-09-BasicDiff.pdf Graphic file (type pdf)
<use ft-09-BasicDiff.pdf, page 24>
Package pdftex.def Info: ft-09-BasicDiff.pdf , page24 used on input line 6.
(pdftex.def)             Requested size: 400.61642pt x 300.46205pt.
File: ft-09-BasicDiff.pdf Graphic file (type pdf)
<use ft-09-BasicDiff.pdf, page 21>
Package pdftex.def Info: ft-09-BasicDiff.pdf , page21 used on input line 6.
(pdftex.def)             Requested size: 400.61642pt x 300.46205pt.
File: ft-09-BasicDiff.pdf Graphic file (type pdf)
<use ft-09-BasicDiff.pdf, page 22>
Package pdftex.def Info: ft-09-BasicDiff.pdf , page22 used on input line 6.
(pdftex.def)             Requested size: 400.61642pt x 300.46205pt.
File: ft-09-BasicDiff.pdf Graphic file (type pdf)
<use ft-09-BasicDiff.pdf, page 23>
Package pdftex.def Info: ft-09-BasicDiff.pdf , page23 used on input line 6.
(pdftex.def)             Requested size: 400.61642pt x 300.46205pt.
File: ft-09-BasicDiff.pdf Graphic file (type pdf)
<use ft-09-BasicDiff.pdf, page 24>
Package pdftex.def Info: ft-09-BasicDiff.pdf , page24 used on input line 6.
(pdftex.def)             Requested size: 400.61642pt x 300.46205pt.
 [6 <./ft-09-BasicDiff.pdf> <./ft-09-BasicDiff.pdf> <./ft-09-BasicDiff.pdf> <./
ft-09-BasicDiff.pdf>]
<ft-09-BasicDiff.pdf, id=142, page=25, 364.19562pt x 273.14648pt>
File: ft-09-BasicDiff.pdf Graphic file (type pdf)
<use ft-09-BasicDiff.pdf, page 25>
Package pdftex.def Info: ft-09-BasicDiff.pdf , page25 used on input line 6.
(pdftex.def)             Requested size: 400.61642pt x 300.46205pt.
File: ft-09-BasicDiff.pdf Graphic file (type pdf)
<use ft-09-BasicDiff.pdf, page 25>
Package pdftex.def Info: ft-09-BasicDiff.pdf , page25 used on input line 6.
(pdftex.def)             Requested size: 400.61642pt x 300.46205pt.
<ft-09-BasicDiff.pdf, id=143, page=26, 364.19562pt x 273.14648pt>
File: ft-09-BasicDiff.pdf Graphic file (type pdf)
<use ft-09-BasicDiff.pdf, page 26>
Package pdftex.def Info: ft-09-BasicDiff.pdf , page26 used on input line 6.
(pdftex.def)             Requested size: 400.61642pt x 300.46205pt.
File: ft-09-BasicDiff.pdf Graphic file (type pdf)
<use ft-09-BasicDiff.pdf, page 26>
Package pdftex.def Info: ft-09-BasicDiff.pdf , page26 used on input line 6.
(pdftex.def)             Requested size: 400.61642pt x 300.46205pt.
<ft-09-BasicDiff.pdf, id=144, page=27, 364.19562pt x 273.14648pt>
File: ft-09-BasicDiff.pdf Graphic file (type pdf)
<use ft-09-BasicDiff.pdf, page 27>
Package pdftex.def Info: ft-09-BasicDiff.pdf , page27 used on input line 6.
(pdftex.def)             Requested size: 400.61642pt x 300.46205pt.
File: ft-09-BasicDiff.pdf Graphic file (type pdf)
<use ft-09-BasicDiff.pdf, page 27>
Package pdftex.def Info: ft-09-BasicDiff.pdf , page27 used on input line 6.
(pdftex.def)             Requested size: 400.61642pt x 300.46205pt.
<ft-09-BasicDiff.pdf, id=145, page=28, 364.19562pt x 273.14648pt>
File: ft-09-BasicDiff.pdf Graphic file (type pdf)
<use ft-09-BasicDiff.pdf, page 28>
Package pdftex.def Info: ft-09-BasicDiff.pdf , page28 used on input line 6.
(pdftex.def)             Requested size: 400.61642pt x 300.46205pt.
File: ft-09-BasicDiff.pdf Graphic file (type pdf)
<use ft-09-BasicDiff.pdf, page 28>
Package pdftex.def Info: ft-09-BasicDiff.pdf , page28 used on input line 6.
(pdftex.def)             Requested size: 400.61642pt x 300.46205pt.
File: ft-09-BasicDiff.pdf Graphic file (type pdf)
<use ft-09-BasicDiff.pdf, page 25>
Package pdftex.def Info: ft-09-BasicDiff.pdf , page25 used on input line 6.
(pdftex.def)             Requested size: 400.61642pt x 300.46205pt.
File: ft-09-BasicDiff.pdf Graphic file (type pdf)
<use ft-09-BasicDiff.pdf, page 26>
Package pdftex.def Info: ft-09-BasicDiff.pdf , page26 used on input line 6.
(pdftex.def)             Requested size: 400.61642pt x 300.46205pt.
File: ft-09-BasicDiff.pdf Graphic file (type pdf)
<use ft-09-BasicDiff.pdf, page 27>
Package pdftex.def Info: ft-09-BasicDiff.pdf , page27 used on input line 6.
(pdftex.def)             Requested size: 400.61642pt x 300.46205pt.
File: ft-09-BasicDiff.pdf Graphic file (type pdf)
<use ft-09-BasicDiff.pdf, page 28>
Package pdftex.def Info: ft-09-BasicDiff.pdf , page28 used on input line 6.
(pdftex.def)             Requested size: 400.61642pt x 300.46205pt.
 [7 <./ft-09-BasicDiff.pdf> <./ft-09-BasicDiff.pdf> <./ft-09-BasicDiff.pdf> <./
ft-09-BasicDiff.pdf>]
<ft-09-BasicDiff.pdf, id=152, page=29, 364.19562pt x 273.14648pt>
File: ft-09-BasicDiff.pdf Graphic file (type pdf)
<use ft-09-BasicDiff.pdf, page 29>
Package pdftex.def Info: ft-09-BasicDiff.pdf , page29 used on input line 6.
(pdftex.def)             Requested size: 400.61642pt x 300.46205pt.
File: ft-09-BasicDiff.pdf Graphic file (type pdf)
<use ft-09-BasicDiff.pdf, page 29>
Package pdftex.def Info: ft-09-BasicDiff.pdf , page29 used on input line 6.
(pdftex.def)             Requested size: 400.61642pt x 300.46205pt.
<ft-09-BasicDiff.pdf, id=153, page=30, 364.19562pt x 273.14648pt>
File: ft-09-BasicDiff.pdf Graphic file (type pdf)
<use ft-09-BasicDiff.pdf, page 30>
Package pdftex.def Info: ft-09-BasicDiff.pdf , page30 used on input line 6.
(pdftex.def)             Requested size: 400.61642pt x 300.46205pt.
File: ft-09-BasicDiff.pdf Graphic file (type pdf)
<use ft-09-BasicDiff.pdf, page 30>
Package pdftex.def Info: ft-09-BasicDiff.pdf , page30 used on input line 6.
(pdftex.def)             Requested size: 400.61642pt x 300.46205pt.
<ft-09-BasicDiff.pdf, id=154, page=31, 364.19562pt x 273.14648pt>
File: ft-09-BasicDiff.pdf Graphic file (type pdf)
<use ft-09-BasicDiff.pdf, page 31>
Package pdftex.def Info: ft-09-BasicDiff.pdf , page31 used on input line 6.
(pdftex.def)             Requested size: 400.61642pt x 300.46205pt.
File: ft-09-BasicDiff.pdf Graphic file (type pdf)
<use ft-09-BasicDiff.pdf, page 31>
Package pdftex.def Info: ft-09-BasicDiff.pdf , page31 used on input line 6.
(pdftex.def)             Requested size: 400.61642pt x 300.46205pt.
<ft-09-BasicDiff.pdf, id=155, page=32, 364.19562pt x 273.14648pt>
File: ft-09-BasicDiff.pdf Graphic file (type pdf)
<use ft-09-BasicDiff.pdf, page 32>
Package pdftex.def Info: ft-09-BasicDiff.pdf , page32 used on input line 6.
(pdftex.def)             Requested size: 400.61642pt x 300.46205pt.
File: ft-09-BasicDiff.pdf Graphic file (type pdf)
<use ft-09-BasicDiff.pdf, page 32>
Package pdftex.def Info: ft-09-BasicDiff.pdf , page32 used on input line 6.
(pdftex.def)             Requested size: 400.61642pt x 300.46205pt.
File: ft-09-BasicDiff.pdf Graphic file (type pdf)
<use ft-09-BasicDiff.pdf, page 29>
Package pdftex.def Info: ft-09-BasicDiff.pdf , page29 used on input line 6.
(pdftex.def)             Requested size: 400.61642pt x 300.46205pt.
File: ft-09-BasicDiff.pdf Graphic file (type pdf)
<use ft-09-BasicDiff.pdf, page 30>
Package pdftex.def Info: ft-09-BasicDiff.pdf , page30 used on input line 6.
(pdftex.def)             Requested size: 400.61642pt x 300.46205pt.
File: ft-09-BasicDiff.pdf Graphic file (type pdf)
<use ft-09-BasicDiff.pdf, page 31>
Package pdftex.def Info: ft-09-BasicDiff.pdf , page31 used on input line 6.
(pdftex.def)             Requested size: 400.61642pt x 300.46205pt.
File: ft-09-BasicDiff.pdf Graphic file (type pdf)
<use ft-09-BasicDiff.pdf, page 32>
Package pdftex.def Info: ft-09-BasicDiff.pdf , page32 used on input line 6.
(pdftex.def)             Requested size: 400.61642pt x 300.46205pt.
 [8 <./ft-09-BasicDiff.pdf> <./ft-09-BasicDiff.pdf> <./ft-09-BasicDiff.pdf> <./
ft-09-BasicDiff.pdf>]
<ft-09-BasicDiff.pdf, id=159, page=33, 364.19562pt x 273.14648pt>
File: ft-09-BasicDiff.pdf Graphic file (type pdf)
<use ft-09-BasicDiff.pdf, page 33>
Package pdftex.def Info: ft-09-BasicDiff.pdf , page33 used on input line 6.
(pdftex.def)             Requested size: 400.61642pt x 300.46205pt.
File: ft-09-BasicDiff.pdf Graphic file (type pdf)
<use ft-09-BasicDiff.pdf, page 33>
Package pdftex.def Info: ft-09-BasicDiff.pdf , page33 used on input line 6.
(pdftex.def)             Requested size: 400.61642pt x 300.46205pt.
<ft-09-BasicDiff.pdf, id=160, page=34, 364.19562pt x 273.14648pt>
File: ft-09-BasicDiff.pdf Graphic file (type pdf)
<use ft-09-BasicDiff.pdf, page 34>
Package pdftex.def Info: ft-09-BasicDiff.pdf , page34 used on input line 6.
(pdftex.def)             Requested size: 400.61642pt x 300.46205pt.
File: ft-09-BasicDiff.pdf Graphic file (type pdf)
<use ft-09-BasicDiff.pdf, page 34>
Package pdftex.def Info: ft-09-BasicDiff.pdf , page34 used on input line 6.
(pdftex.def)             Requested size: 400.61642pt x 300.46205pt.
<ft-09-BasicDiff.pdf, id=161, page=35, 364.19562pt x 273.14648pt>
File: ft-09-BasicDiff.pdf Graphic file (type pdf)
<use ft-09-BasicDiff.pdf, page 35>
Package pdftex.def Info: ft-09-BasicDiff.pdf , page35 used on input line 6.
(pdftex.def)             Requested size: 400.61642pt x 300.46205pt.
File: ft-09-BasicDiff.pdf Graphic file (type pdf)
<use ft-09-BasicDiff.pdf, page 35>
Package pdftex.def Info: ft-09-BasicDiff.pdf , page35 used on input line 6.
(pdftex.def)             Requested size: 400.61642pt x 300.46205pt.
<ft-09-BasicDiff.pdf, id=162, page=36, 364.19562pt x 273.14648pt>
File: ft-09-BasicDiff.pdf Graphic file (type pdf)
<use ft-09-BasicDiff.pdf, page 36>
Package pdftex.def Info: ft-09-BasicDiff.pdf , page36 used on input line 6.
(pdftex.def)             Requested size: 400.61642pt x 300.46205pt.
File: ft-09-BasicDiff.pdf Graphic file (type pdf)
<use ft-09-BasicDiff.pdf, page 36>
Package pdftex.def Info: ft-09-BasicDiff.pdf , page36 used on input line 6.
(pdftex.def)             Requested size: 400.61642pt x 300.46205pt.
File: ft-09-BasicDiff.pdf Graphic file (type pdf)
<use ft-09-BasicDiff.pdf, page 33>
Package pdftex.def Info: ft-09-BasicDiff.pdf , page33 used on input line 6.
(pdftex.def)             Requested size: 400.61642pt x 300.46205pt.
File: ft-09-BasicDiff.pdf Graphic file (type pdf)
<use ft-09-BasicDiff.pdf, page 34>
Package pdftex.def Info: ft-09-BasicDiff.pdf , page34 used on input line 6.
(pdftex.def)             Requested size: 400.61642pt x 300.46205pt.
File: ft-09-BasicDiff.pdf Graphic file (type pdf)
<use ft-09-BasicDiff.pdf, page 35>
Package pdftex.def Info: ft-09-BasicDiff.pdf , page35 used on input line 6.
(pdftex.def)             Requested size: 400.61642pt x 300.46205pt.
File: ft-09-BasicDiff.pdf Graphic file (type pdf)
<use ft-09-BasicDiff.pdf, page 36>
Package pdftex.def Info: ft-09-BasicDiff.pdf , page36 used on input line 6.
(pdftex.def)             Requested size: 400.61642pt x 300.46205pt.
 [9 <./ft-09-BasicDiff.pdf> <./ft-09-BasicDiff.pdf> <./ft-09-BasicDiff.pdf> <./
ft-09-BasicDiff.pdf>]
<ft-09-BasicDiff.pdf, id=171, page=37, 364.19562pt x 273.14648pt>
File: ft-09-BasicDiff.pdf Graphic file (type pdf)
<use ft-09-BasicDiff.pdf, page 37>
Package pdftex.def Info: ft-09-BasicDiff.pdf , page37 used on input line 6.
(pdftex.def)             Requested size: 400.61642pt x 300.46205pt.
File: ft-09-BasicDiff.pdf Graphic file (type pdf)
<use ft-09-BasicDiff.pdf, page 37>
Package pdftex.def Info: ft-09-BasicDiff.pdf , page37 used on input line 6.
(pdftex.def)             Requested size: 400.61642pt x 300.46205pt.
<ft-09-BasicDiff.pdf, id=172, page=38, 364.19562pt x 273.14648pt>
File: ft-09-BasicDiff.pdf Graphic file (type pdf)
<use ft-09-BasicDiff.pdf, page 38>
Package pdftex.def Info: ft-09-BasicDiff.pdf , page38 used on input line 6.
(pdftex.def)             Requested size: 400.61642pt x 300.46205pt.
File: ft-09-BasicDiff.pdf Graphic file (type pdf)
<use ft-09-BasicDiff.pdf, page 38>
Package pdftex.def Info: ft-09-BasicDiff.pdf , page38 used on input line 6.
(pdftex.def)             Requested size: 400.61642pt x 300.46205pt.
<ft-09-BasicDiff.pdf, id=173, page=39, 364.19562pt x 273.14648pt>
File: ft-09-BasicDiff.pdf Graphic file (type pdf)
<use ft-09-BasicDiff.pdf, page 39>
Package pdftex.def Info: ft-09-BasicDiff.pdf , page39 used on input line 6.
(pdftex.def)             Requested size: 400.61642pt x 300.46205pt.
File: ft-09-BasicDiff.pdf Graphic file (type pdf)
<use ft-09-BasicDiff.pdf, page 39>
Package pdftex.def Info: ft-09-BasicDiff.pdf , page39 used on input line 6.
(pdftex.def)             Requested size: 400.61642pt x 300.46205pt.
<ft-09-BasicDiff.pdf, id=174, page=40, 364.19562pt x 273.14648pt>
File: ft-09-BasicDiff.pdf Graphic file (type pdf)
<use ft-09-BasicDiff.pdf, page 40>
Package pdftex.def Info: ft-09-BasicDiff.pdf , page40 used on input line 6.
(pdftex.def)             Requested size: 400.61642pt x 300.46205pt.
File: ft-09-BasicDiff.pdf Graphic file (type pdf)
<use ft-09-BasicDiff.pdf, page 40>
Package pdftex.def Info: ft-09-BasicDiff.pdf , page40 used on input line 6.
(pdftex.def)             Requested size: 400.61642pt x 300.46205pt.
File: ft-09-BasicDiff.pdf Graphic file (type pdf)
<use ft-09-BasicDiff.pdf, page 37>
Package pdftex.def Info: ft-09-BasicDiff.pdf , page37 used on input line 6.
(pdftex.def)             Requested size: 400.61642pt x 300.46205pt.
File: ft-09-BasicDiff.pdf Graphic file (type pdf)
<use ft-09-BasicDiff.pdf, page 38>
Package pdftex.def Info: ft-09-BasicDiff.pdf , page38 used on input line 6.
(pdftex.def)             Requested size: 400.61642pt x 300.46205pt.
File: ft-09-BasicDiff.pdf Graphic file (type pdf)
<use ft-09-BasicDiff.pdf, page 39>
Package pdftex.def Info: ft-09-BasicDiff.pdf , page39 used on input line 6.
(pdftex.def)             Requested size: 400.61642pt x 300.46205pt.
File: ft-09-BasicDiff.pdf Graphic file (type pdf)
<use ft-09-BasicDiff.pdf, page 40>
Package pdftex.def Info: ft-09-BasicDiff.pdf , page40 used on input line 6.
(pdftex.def)             Requested size: 400.61642pt x 300.46205pt.
 [10 <./ft-09-BasicDiff.pdf> <./ft-09-BasicDiff.pdf> <./ft-09-BasicDiff.pdf> <.
/ft-09-BasicDiff.pdf>]
<ft-09-BasicDiff.pdf, id=181, page=41, 364.19562pt x 273.14648pt>
File: ft-09-BasicDiff.pdf Graphic file (type pdf)
<use ft-09-BasicDiff.pdf, page 41>
Package pdftex.def Info: ft-09-BasicDiff.pdf , page41 used on input line 6.
(pdftex.def)             Requested size: 400.61642pt x 300.46205pt.
File: ft-09-BasicDiff.pdf Graphic file (type pdf)
<use ft-09-BasicDiff.pdf, page 41>
Package pdftex.def Info: ft-09-BasicDiff.pdf , page41 used on input line 6.
(pdftex.def)             Requested size: 400.61642pt x 300.46205pt.
<ft-09-BasicDiff.pdf, id=182, page=42, 364.19562pt x 273.14648pt>
File: ft-09-BasicDiff.pdf Graphic file (type pdf)
<use ft-09-BasicDiff.pdf, page 42>
Package pdftex.def Info: ft-09-BasicDiff.pdf , page42 used on input line 6.
(pdftex.def)             Requested size: 400.61642pt x 300.46205pt.
File: ft-09-BasicDiff.pdf Graphic file (type pdf)
<use ft-09-BasicDiff.pdf, page 42>
Package pdftex.def Info: ft-09-BasicDiff.pdf , page42 used on input line 6.
(pdftex.def)             Requested size: 400.61642pt x 300.46205pt.
<ft-09-BasicDiff.pdf, id=183, page=43, 364.19562pt x 273.14648pt>
File: ft-09-BasicDiff.pdf Graphic file (type pdf)
<use ft-09-BasicDiff.pdf, page 43>
Package pdftex.def Info: ft-09-BasicDiff.pdf , page43 used on input line 6.
(pdftex.def)             Requested size: 400.61642pt x 300.46205pt.
File: ft-09-BasicDiff.pdf Graphic file (type pdf)
<use ft-09-BasicDiff.pdf, page 43>
Package pdftex.def Info: ft-09-BasicDiff.pdf , page43 used on input line 6.
(pdftex.def)             Requested size: 400.61642pt x 300.46205pt.
<ft-09-BasicDiff.pdf, id=184, page=44, 364.19562pt x 273.14648pt>
File: ft-09-BasicDiff.pdf Graphic file (type pdf)
<use ft-09-BasicDiff.pdf, page 44>
Package pdftex.def Info: ft-09-BasicDiff.pdf , page44 used on input line 6.
(pdftex.def)             Requested size: 400.61642pt x 300.46205pt.
File: ft-09-BasicDiff.pdf Graphic file (type pdf)
<use ft-09-BasicDiff.pdf, page 44>
Package pdftex.def Info: ft-09-BasicDiff.pdf , page44 used on input line 6.
(pdftex.def)             Requested size: 400.61642pt x 300.46205pt.
File: ft-09-BasicDiff.pdf Graphic file (type pdf)
<use ft-09-BasicDiff.pdf, page 41>
Package pdftex.def Info: ft-09-BasicDiff.pdf , page41 used on input line 6.
(pdftex.def)             Requested size: 400.61642pt x 300.46205pt.
File: ft-09-BasicDiff.pdf Graphic file (type pdf)
<use ft-09-BasicDiff.pdf, page 42>
Package pdftex.def Info: ft-09-BasicDiff.pdf , page42 used on input line 6.
(pdftex.def)             Requested size: 400.61642pt x 300.46205pt.
File: ft-09-BasicDiff.pdf Graphic file (type pdf)
<use ft-09-BasicDiff.pdf, page 43>
Package pdftex.def Info: ft-09-BasicDiff.pdf , page43 used on input line 6.
(pdftex.def)             Requested size: 400.61642pt x 300.46205pt.
File: ft-09-BasicDiff.pdf Graphic file (type pdf)
<use ft-09-BasicDiff.pdf, page 44>
Package pdftex.def Info: ft-09-BasicDiff.pdf , page44 used on input line 6.
(pdftex.def)             Requested size: 400.61642pt x 300.46205pt.
 [11 <./ft-09-BasicDiff.pdf> <./ft-09-BasicDiff.pdf> <./ft-09-BasicDiff.pdf> <.
/ft-09-BasicDiff.pdf>]
<ft-09-BasicDiff.pdf, id=188, page=45, 364.19562pt x 273.14648pt>
File: ft-09-BasicDiff.pdf Graphic file (type pdf)
<use ft-09-BasicDiff.pdf, page 45>
Package pdftex.def Info: ft-09-BasicDiff.pdf , page45 used on input line 6.
(pdftex.def)             Requested size: 400.61642pt x 300.46205pt.
File: ft-09-BasicDiff.pdf Graphic file (type pdf)
<use ft-09-BasicDiff.pdf, page 45>
Package pdftex.def Info: ft-09-BasicDiff.pdf , page45 used on input line 6.
(pdftex.def)             Requested size: 400.61642pt x 300.46205pt.
<ft-09-BasicDiff.pdf, id=189, page=46, 364.19562pt x 273.14648pt>
File: ft-09-BasicDiff.pdf Graphic file (type pdf)
<use ft-09-BasicDiff.pdf, page 46>
Package pdftex.def Info: ft-09-BasicDiff.pdf , page46 used on input line 6.
(pdftex.def)             Requested size: 400.61642pt x 300.46205pt.
File: ft-09-BasicDiff.pdf Graphic file (type pdf)
<use ft-09-BasicDiff.pdf, page 46>
Package pdftex.def Info: ft-09-BasicDiff.pdf , page46 used on input line 6.
(pdftex.def)             Requested size: 400.61642pt x 300.46205pt.
<ft-09-BasicDiff.pdf, id=190, page=47, 364.19562pt x 273.14648pt>
File: ft-09-BasicDiff.pdf Graphic file (type pdf)
<use ft-09-BasicDiff.pdf, page 47>
Package pdftex.def Info: ft-09-BasicDiff.pdf , page47 used on input line 6.
(pdftex.def)             Requested size: 400.61642pt x 300.46205pt.
File: ft-09-BasicDiff.pdf Graphic file (type pdf)
<use ft-09-BasicDiff.pdf, page 47>
Package pdftex.def Info: ft-09-BasicDiff.pdf , page47 used on input line 6.
(pdftex.def)             Requested size: 400.61642pt x 300.46205pt.
<ft-09-BasicDiff.pdf, id=191, page=48, 364.19562pt x 273.14648pt>
File: ft-09-BasicDiff.pdf Graphic file (type pdf)
<use ft-09-BasicDiff.pdf, page 48>
Package pdftex.def Info: ft-09-BasicDiff.pdf , page48 used on input line 6.
(pdftex.def)             Requested size: 400.61642pt x 300.46205pt.
File: ft-09-BasicDiff.pdf Graphic file (type pdf)
<use ft-09-BasicDiff.pdf, page 48>
Package pdftex.def Info: ft-09-BasicDiff.pdf , page48 used on input line 6.
(pdftex.def)             Requested size: 400.61642pt x 300.46205pt.
File: ft-09-BasicDiff.pdf Graphic file (type pdf)
<use ft-09-BasicDiff.pdf, page 45>
Package pdftex.def Info: ft-09-BasicDiff.pdf , page45 used on input line 6.
(pdftex.def)             Requested size: 400.61642pt x 300.46205pt.
File: ft-09-BasicDiff.pdf Graphic file (type pdf)
<use ft-09-BasicDiff.pdf, page 46>
Package pdftex.def Info: ft-09-BasicDiff.pdf , page46 used on input line 6.
(pdftex.def)             Requested size: 400.61642pt x 300.46205pt.
File: ft-09-BasicDiff.pdf Graphic file (type pdf)
<use ft-09-BasicDiff.pdf, page 47>
Package pdftex.def Info: ft-09-BasicDiff.pdf , page47 used on input line 6.
(pdftex.def)             Requested size: 400.61642pt x 300.46205pt.
File: ft-09-BasicDiff.pdf Graphic file (type pdf)
<use ft-09-BasicDiff.pdf, page 48>
Package pdftex.def Info: ft-09-BasicDiff.pdf , page48 used on input line 6.
(pdftex.def)             Requested size: 400.61642pt x 300.46205pt.
 [12 <./ft-09-BasicDiff.pdf> <./ft-09-BasicDiff.pdf> <./ft-09-BasicDiff.pdf> <.
/ft-09-BasicDiff.pdf>]
<ft-09-BasicDiff.pdf, id=197, page=49, 364.19562pt x 273.14648pt>
File: ft-09-BasicDiff.pdf Graphic file (type pdf)
<use ft-09-BasicDiff.pdf, page 49>
Package pdftex.def Info: ft-09-BasicDiff.pdf , page49 used on input line 6.
(pdftex.def)             Requested size: 400.61642pt x 300.46205pt.
File: ft-09-BasicDiff.pdf Graphic file (type pdf)
<use ft-09-BasicDiff.pdf, page 49>
Package pdftex.def Info: ft-09-BasicDiff.pdf , page49 used on input line 6.
(pdftex.def)             Requested size: 400.61642pt x 300.46205pt.
<ft-09-BasicDiff.pdf, id=198, page=50, 364.19562pt x 273.14648pt>
File: ft-09-BasicDiff.pdf Graphic file (type pdf)
<use ft-09-BasicDiff.pdf, page 50>
Package pdftex.def Info: ft-09-BasicDiff.pdf , page50 used on input line 6.
(pdftex.def)             Requested size: 400.61642pt x 300.46205pt.
File: ft-09-BasicDiff.pdf Graphic file (type pdf)
<use ft-09-BasicDiff.pdf, page 50>
Package pdftex.def Info: ft-09-BasicDiff.pdf , page50 used on input line 6.
(pdftex.def)             Requested size: 400.61642pt x 300.46205pt.
<ft-09-BasicDiff.pdf, id=199, page=51, 364.19562pt x 273.14648pt>
File: ft-09-BasicDiff.pdf Graphic file (type pdf)
<use ft-09-BasicDiff.pdf, page 51>
Package pdftex.def Info: ft-09-BasicDiff.pdf , page51 used on input line 6.
(pdftex.def)             Requested size: 400.61642pt x 300.46205pt.
File: ft-09-BasicDiff.pdf Graphic file (type pdf)
<use ft-09-BasicDiff.pdf, page 51>
Package pdftex.def Info: ft-09-BasicDiff.pdf , page51 used on input line 6.
(pdftex.def)             Requested size: 400.61642pt x 300.46205pt.
<ft-09-BasicDiff.pdf, id=200, page=52, 364.19562pt x 273.14648pt>
File: ft-09-BasicDiff.pdf Graphic file (type pdf)
<use ft-09-BasicDiff.pdf, page 52>
Package pdftex.def Info: ft-09-BasicDiff.pdf , page52 used on input line 6.
(pdftex.def)             Requested size: 400.61642pt x 300.46205pt.
File: ft-09-BasicDiff.pdf Graphic file (type pdf)
<use ft-09-BasicDiff.pdf, page 52>
Package pdftex.def Info: ft-09-BasicDiff.pdf , page52 used on input line 6.
(pdftex.def)             Requested size: 400.61642pt x 300.46205pt.
File: ft-09-BasicDiff.pdf Graphic file (type pdf)
<use ft-09-BasicDiff.pdf, page 49>
Package pdftex.def Info: ft-09-BasicDiff.pdf , page49 used on input line 6.
(pdftex.def)             Requested size: 400.61642pt x 300.46205pt.
File: ft-09-BasicDiff.pdf Graphic file (type pdf)
<use ft-09-BasicDiff.pdf, page 50>
Package pdftex.def Info: ft-09-BasicDiff.pdf , page50 used on input line 6.
(pdftex.def)             Requested size: 400.61642pt x 300.46205pt.
File: ft-09-BasicDiff.pdf Graphic file (type pdf)
<use ft-09-BasicDiff.pdf, page 51>
Package pdftex.def Info: ft-09-BasicDiff.pdf , page51 used on input line 6.
(pdftex.def)             Requested size: 400.61642pt x 300.46205pt.
File: ft-09-BasicDiff.pdf Graphic file (type pdf)
<use ft-09-BasicDiff.pdf, page 52>
Package pdftex.def Info: ft-09-BasicDiff.pdf , page52 used on input line 6.
(pdftex.def)             Requested size: 400.61642pt x 300.46205pt.
 [13 <./ft-09-BasicDiff.pdf> <./ft-09-BasicDiff.pdf> <./ft-09-BasicDiff.pdf> <.
/ft-09-BasicDiff.pdf>]
<ft-09-BasicDiff.pdf, id=210, page=53, 364.19562pt x 273.14648pt>
File: ft-09-BasicDiff.pdf Graphic file (type pdf)
<use ft-09-BasicDiff.pdf, page 53>
Package pdftex.def Info: ft-09-BasicDiff.pdf , page53 used on input line 6.
(pdftex.def)             Requested size: 400.61642pt x 300.46205pt.
File: ft-09-BasicDiff.pdf Graphic file (type pdf)
<use ft-09-BasicDiff.pdf, page 53>
Package pdftex.def Info: ft-09-BasicDiff.pdf , page53 used on input line 6.
(pdftex.def)             Requested size: 400.61642pt x 300.46205pt.
<ft-09-BasicDiff.pdf, id=211, page=54, 364.19562pt x 273.14648pt>
File: ft-09-BasicDiff.pdf Graphic file (type pdf)
<use ft-09-BasicDiff.pdf, page 54>
Package pdftex.def Info: ft-09-BasicDiff.pdf , page54 used on input line 6.
(pdftex.def)             Requested size: 400.61642pt x 300.46205pt.
File: ft-09-BasicDiff.pdf Graphic file (type pdf)
<use ft-09-BasicDiff.pdf, page 54>
Package pdftex.def Info: ft-09-BasicDiff.pdf , page54 used on input line 6.
(pdftex.def)             Requested size: 400.61642pt x 300.46205pt.
<ft-09-BasicDiff.pdf, id=212, page=55, 364.19562pt x 273.14648pt>
File: ft-09-BasicDiff.pdf Graphic file (type pdf)
<use ft-09-BasicDiff.pdf, page 55>
Package pdftex.def Info: ft-09-BasicDiff.pdf , page55 used on input line 6.
(pdftex.def)             Requested size: 400.61642pt x 300.46205pt.
File: ft-09-BasicDiff.pdf Graphic file (type pdf)
<use ft-09-BasicDiff.pdf, page 55>
Package pdftex.def Info: ft-09-BasicDiff.pdf , page55 used on input line 6.
(pdftex.def)             Requested size: 400.61642pt x 300.46205pt.
<ft-09-BasicDiff.pdf, id=213, page=56, 364.19562pt x 273.14648pt>
File: ft-09-BasicDiff.pdf Graphic file (type pdf)
<use ft-09-BasicDiff.pdf, page 56>
Package pdftex.def Info: ft-09-BasicDiff.pdf , page56 used on input line 6.
(pdftex.def)             Requested size: 400.61642pt x 300.46205pt.
File: ft-09-BasicDiff.pdf Graphic file (type pdf)
<use ft-09-BasicDiff.pdf, page 56>
Package pdftex.def Info: ft-09-BasicDiff.pdf , page56 used on input line 6.
(pdftex.def)             Requested size: 400.61642pt x 300.46205pt.
File: ft-09-BasicDiff.pdf Graphic file (type pdf)
<use ft-09-BasicDiff.pdf, page 53>
Package pdftex.def Info: ft-09-BasicDiff.pdf , page53 used on input line 6.
(pdftex.def)             Requested size: 400.61642pt x 300.46205pt.
File: ft-09-BasicDiff.pdf Graphic file (type pdf)
<use ft-09-BasicDiff.pdf, page 54>
Package pdftex.def Info: ft-09-BasicDiff.pdf , page54 used on input line 6.
(pdftex.def)             Requested size: 400.61642pt x 300.46205pt.
File: ft-09-BasicDiff.pdf Graphic file (type pdf)
<use ft-09-BasicDiff.pdf, page 55>
Package pdftex.def Info: ft-09-BasicDiff.pdf , page55 used on input line 6.
(pdftex.def)             Requested size: 400.61642pt x 300.46205pt.
File: ft-09-BasicDiff.pdf Graphic file (type pdf)
<use ft-09-BasicDiff.pdf, page 56>
Package pdftex.def Info: ft-09-BasicDiff.pdf , page56 used on input line 6.
(pdftex.def)             Requested size: 400.61642pt x 300.46205pt.
[14 <./ft-09-BasicDiff.pdf> <./ft-09-BasicDiff.pdf> <./ft-09-BasicDiff.pdf> <./
ft-09-BasicDiff.pdf>]
<ft-09-BasicDiff.pdf, id=217, page=57, 364.19562pt x 273.14648pt>
File: ft-09-BasicDiff.pdf Graphic file (type pdf)
<use ft-09-BasicDiff.pdf, page 57>
Package pdftex.def Info: ft-09-BasicDiff.pdf , page57 used on input line 6.
(pdftex.def)             Requested size: 400.61642pt x 300.46205pt.
File: ft-09-BasicDiff.pdf Graphic file (type pdf)
<use ft-09-BasicDiff.pdf, page 57>
Package pdftex.def Info: ft-09-BasicDiff.pdf , page57 used on input line 6.
(pdftex.def)             Requested size: 400.61642pt x 300.46205pt.
File: ft-09-BasicDiff.pdf Graphic file (type pdf)
<use ft-09-BasicDiff.pdf, page 1>
Package pdftex.def Info: ft-09-BasicDiff.pdf , page1 used on input line 6.
(pdftex.def)             Requested size: 400.61642pt x 300.46205pt.
File: ft-09-BasicDiff.pdf Graphic file (type pdf)
<use ft-09-BasicDiff.pdf, page 1>
Package pdftex.def Info: ft-09-BasicDiff.pdf , page1 used on input line 6.
(pdftex.def)             Requested size: 400.61642pt x 300.46205pt.
File: ft-09-BasicDiff.pdf Graphic file (type pdf)
<use ft-09-BasicDiff.pdf, page 1>
Package pdftex.def Info: ft-09-BasicDiff.pdf , page1 used on input line 6.
(pdftex.def)             Requested size: 400.61642pt x 300.46205pt.
File: ft-09-BasicDiff.pdf Graphic file (type pdf)
<use ft-09-BasicDiff.pdf, page 1>
Package pdftex.def Info: ft-09-BasicDiff.pdf , page1 used on input line 6.
(pdftex.def)             Requested size: 400.61642pt x 300.46205pt.
File: ft-09-BasicDiff.pdf Graphic file (type pdf)
<use ft-09-BasicDiff.pdf, page 1>
Package pdftex.def Info: ft-09-BasicDiff.pdf , page1 used on input line 6.
(pdftex.def)             Requested size: 400.61642pt x 300.46205pt.
File: ft-09-BasicDiff.pdf Graphic file (type pdf)
<use ft-09-BasicDiff.pdf, page 1>
Package pdftex.def Info: ft-09-BasicDiff.pdf , page1 used on input line 6.
(pdftex.def)             Requested size: 400.61642pt x 300.46205pt.
File: ft-09-BasicDiff.pdf Graphic file (type pdf)
<use ft-09-BasicDiff.pdf, page 57>
Package pdftex.def Info: ft-09-BasicDiff.pdf , page57 used on input line 6.
(pdftex.def)             Requested size: 400.61642pt x 300.46205pt.
 [15 <./ft-09-BasicDiff.pdf>]
(./ft-09-BasicDiff-beamer.aux) ) 
Here is how much of TeX's memory you used:
 2898 strings out of 492982
 45828 string characters out of 6134895
 103915 words of memory out of 5000000
 6444 multiletter control sequences out of 15000+600000
 3640 words of font info for 14 fonts, out of 8000000 for 9000
 1141 hyphenation exceptions out of 8191
 41i,19n,49p,289b,452s stack positions out of 5000i,500n,10000p,200000b,80000s
</usr/share/texlive/texmf-dist/fonts/type1/publ
ic/amsfonts/cm/cmex10.pfb></usr/share/texlive/texmf-dist/fonts/type1/public/ams
fonts/cm/cmmi10.pfb></usr/share/texlive/texmf-dist/fonts/type1/public/amsfonts/
cm/cmmi8.pfb></usr/share/texlive/texmf-dist/fonts/type1/public/amsfonts/cm/cmss
10.pfb></usr/share/texlive/texmf-dist/fonts/type1/public/amsfonts/cm/cmss12.pfb
></usr/share/texlive/texmf-dist/fonts/type1/public/amsfonts/cm/cmss8.pfb></usr/
share/texlive/texmf-dist/fonts/type1/public/amsfonts/cm/cmssi10.pfb></usr/share
/texlive/texmf-dist/fonts/type1/public/amsfonts/cm/cmssi8.pfb></usr/share/texli
ve/texmf-dist/fonts/type1/public/amsfonts/cm/cmsy10.pfb></usr/share/texlive/tex
mf-dist/fonts/type1/public/amsfonts/cm/cmsy8.pfb></usr/share/texlive/texmf-dist
/fonts/type1/public/amsfonts/latxfont/line10.pfb></usr/share/texlive/texmf-dist
/fonts/type1/public/amsfonts/symbols/msbm10.pfb>
Output written on ft-09-BasicDiff-beamer.pdf (15 pages, 6075467 bytes).
PDF statistics:
 237 PDF objects out of 1000 (max. 8388607)
 114 compressed objects within 2 object streams
 0 named destinations out of 1000 (max. 500000)
 301 words of extra memory for PDF output out of 10000 (max. 10000000)

